[debug] [2023-04-12T19:30:28.045Z] ----------------------------------------------------------------------
[debug] [2023-04-12T19:30:28.047Z] Command:       /Users/mshems/.nvm/versions/node/v18.14.0/bin/node /Users/mshems/.nvm/versions/node/v18.14.0/bin/firebase deploy --only hosting
[debug] [2023-04-12T19:30:28.048Z] CLI Version:   11.25.3
[debug] [2023-04-12T19:30:28.048Z] Platform:      darwin
[debug] [2023-04-12T19:30:28.049Z] Node Version:  v18.14.0
[debug] [2023-04-12T19:30:28.050Z] Time:          Wed Apr 12 2023 13:30:28 GMT-0600 (Mountain Daylight Time)
[debug] [2023-04-12T19:30:28.050Z] ----------------------------------------------------------------------
[debug] 
[debug] [2023-04-12T19:30:28.121Z] > command requires scopes: ["email","openid","https://www.googleapis.com/auth/cloudplatformprojects.readonly","https://www.googleapis.com/auth/firebase","https://www.googleapis.com/auth/cloud-platform"]
[debug] [2023-04-12T19:30:28.122Z] > authorizing via signed-in user (matthew.shems@gmail.com)
[debug] [2023-04-12T19:30:28.122Z] [iam] checking project freetimer-bcf2e for permissions ["firebase.projects.get","firebasehosting.sites.update"]
[debug] [2023-04-12T19:30:28.124Z] >>> [apiv2][query] POST https://cloudresourcemanager.googleapis.com/v1/projects/freetimer-bcf2e:testIamPermissions [none]
[debug] [2023-04-12T19:30:28.124Z] >>> [apiv2][(partial)header] POST https://cloudresourcemanager.googleapis.com/v1/projects/freetimer-bcf2e:testIamPermissions x-goog-quota-user=projects/freetimer-bcf2e
[debug] [2023-04-12T19:30:28.124Z] >>> [apiv2][body] POST https://cloudresourcemanager.googleapis.com/v1/projects/freetimer-bcf2e:testIamPermissions {"permissions":["firebase.projects.get","firebasehosting.sites.update"]}
[debug] [2023-04-12T19:30:28.370Z] <<< [apiv2][status] POST https://cloudresourcemanager.googleapis.com/v1/projects/freetimer-bcf2e:testIamPermissions 200
[debug] [2023-04-12T19:30:28.370Z] <<< [apiv2][body] POST https://cloudresourcemanager.googleapis.com/v1/projects/freetimer-bcf2e:testIamPermissions {"permissions":["firebase.projects.get","firebasehosting.sites.update"]}
[debug] [2023-04-12T19:30:28.371Z] >>> [apiv2][query] GET https://firebase.googleapis.com/v1beta1/projects/freetimer-bcf2e [none]
[debug] [2023-04-12T19:30:28.535Z] <<< [apiv2][status] GET https://firebase.googleapis.com/v1beta1/projects/freetimer-bcf2e 200
[debug] [2023-04-12T19:30:28.536Z] <<< [apiv2][body] GET https://firebase.googleapis.com/v1beta1/projects/freetimer-bcf2e {"projectId":"freetimer-bcf2e","projectNumber":"57483342825","displayName":"FreeTimer","name":"projects/freetimer-bcf2e","resources":{"hostingSite":"freetimer-bcf2e"},"state":"ACTIVE","etag":"1_18c83bb2-1270-4f0d-be75-d1aa1cbd5a1e"}
[info] 
[info] === Deploying to 'freetimer-bcf2e'...
[info] 
[info] i  deploying hosting 
[debug] [2023-04-12T19:30:28.541Z] >>> [apiv2][query] POST https://firebasehosting.googleapis.com/v1beta1/projects/-/sites/freetimer-bcf2e/versions [none]
[debug] [2023-04-12T19:30:28.541Z] >>> [apiv2][body] POST https://firebasehosting.googleapis.com/v1beta1/projects/-/sites/freetimer-bcf2e/versions {"status":"CREATED","labels":{"deployment-tool":"cli-firebase"}}
[debug] [2023-04-12T19:30:29.156Z] <<< [apiv2][status] POST https://firebasehosting.googleapis.com/v1beta1/projects/-/sites/freetimer-bcf2e/versions 200
[debug] [2023-04-12T19:30:29.156Z] <<< [apiv2][body] POST https://firebasehosting.googleapis.com/v1beta1/projects/-/sites/freetimer-bcf2e/versions {"name":"projects/57483342825/sites/freetimer-bcf2e/versions/bcd261a3a91984e8","status":"CREATED","config":{},"labels":{"deployment-tool":"cli-firebase"}}
[info] i  hosting[freetimer-bcf2e]: beginning deploy... 
[info] i  hosting[freetimer-bcf2e]: found 22 files in dist/spa 
[debug] [2023-04-12T19:30:29.165Z] [hosting] uploading with 200 concurrency
[debug] [2023-04-12T19:30:29.235Z] [hosting] hash cache [ZGlzdC9zcGE] stored for 22 files
[debug] [2023-04-12T19:30:29.236Z] [hosting][hash queue][FINAL] {"max":62,"min":11,"avg":17.5,"active":0,"complete":22,"success":22,"errored":0,"retried":0,"total":22,"elapsed":68}
[debug] [2023-04-12T19:30:29.236Z] >>> [apiv2][query] POST https://firebasehosting.googleapis.com/v1beta1/projects/57483342825/sites/freetimer-bcf2e/versions/bcd261a3a91984e8:populateFiles [none]
[debug] [2023-04-12T19:30:29.236Z] >>> [apiv2][body] POST https://firebasehosting.googleapis.com/v1beta1/projects/57483342825/sites/freetimer-bcf2e/versions/bcd261a3a91984e8:populateFiles {"files":{"/favicon.svg":"4d36b6041e165f9dc46eb5febbb42718d1afca9a79a9eba7b6aa72d1d0e02c39","/index.html":"afe637b3ac9106065efc41db5c1d86e568286beae3f3c0d5bed745876e480ebb","/icons/favicon-128x128.png":"b3ca419dc407ba9a502da0c2bea37c7dcf582e55b8c6d28bb0dc83c474613658","/icons/favicon-16x16.png":"d2ad96b5414470c915e5688503cb25b2612e9184f22c0760191c51bb27f5155e","/icons/favicon-32x32.png":"e4470927475ff99239b42074b899949f35e98ae747a3b0fda1c837ef2c3504a7","/icons/favicon-96x96.png":"38c99bf8d6d41675c5a7baa6f28794e6cfcc9f33d6fbda39fdbc097a525edeab","/icons/favicon.png":"a6f6f2e487f01a155c73da7bb32e889e1cd25b74bba87f99f77787c3f67b5af4","/sfx/beep-short.mp3":"46463982755904679138e649819505736dac613a34a19f911e8933e5bc95ae53","/favicon.ico":"8ac87a4864fc89463bfd59ed91063d8f7e346b6a287d74f80bafc401a29f131e","/assets/KFOkCnqEu92Fr1MmgVxIIzQ.34e9582c.woff":"91ea15d28cbc37cd71b227769fb47e1756445a9e3a2006cffacf70ad9316f499","/assets/KFOlCnqEu92Fr1MmSU5fBBc-.bf14c7d7.woff":"ab7f0202929700f8ef0460551a21eedb6ef97413b39f7f47d7739f611ead1e95","/assets/KFOlCnqEu92Fr1MmWUlfBBc-.e0fd57c0.woff":"a5745f735d5edc5ed1a3f8fe6555e68c1db63dcc5a78bf70171445b2bda59406","/assets/KFOlCnqEu92Fr1MmEU9fBBc-.9ce7f3ac.woff":"a7996219d201ef409b538409ffa7a260d4a3ea9b23d54ffa52af32395ac75943","/assets/KFOlCnqEu92Fr1MmYUtfBBc-.f6537e32.woff":"7e6ff321435fa63fe2d29e8a108ac0f0a4fbad70717666a83aa9b14aa42d5d28","/assets/KFOmCnqEu92Fr1Mu4mxM.f2abf7fb.woff":"c87266e360da436f6ee30de1fc2f13a9f1ef5d0487de4a501091e447982e616d","/sfx/beep-complete.mp3":"112394c21f79a87e0e38d21788f4206f56d3b68a6d62aaae9c261ac037ca3e65","/assets/index.10d79c4f.js":"5718018efda0786207ddd928eb5cf004bb06cf173d3012d74df629f62e1f0970","/assets/TimerView.6c7bb6f4.js":"825202c427d8a688ff7fdd74823caca2332203a05dbc5c67ce6165b26d8920ae","/sfx/beep.wav":"d4d837eadd4f33d6b9c9bc2e750fe3d9a5011084251d3491ea076b46ce496b5b","/assets/materialdesignicons-webfont.c1c004a9.woff2":"63762e82c2df6362005976fe352fb3f6c87f701903efdafc2d0ab574b68b03d5","/assets/materialdesignicons-webfont.80bb28b3.woff":"5f8c7836078e8288d7c3047ff4943334df310e9c1f81ecd6f97b5e8cb1d5860a","/assets/index.d19edad4.css":"1ff0f7f0c013f2cfd6d4264870bd7994fe6a5ebabc18df1f86564100a37f6159"}}
[debug] [2023-04-12T19:30:29.666Z] <<< [apiv2][status] POST https://firebasehosting.googleapis.com/v1beta1/projects/57483342825/sites/freetimer-bcf2e/versions/bcd261a3a91984e8:populateFiles 200
[debug] [2023-04-12T19:30:29.667Z] <<< [apiv2][body] POST https://firebasehosting.googleapis.com/v1beta1/projects/57483342825/sites/freetimer-bcf2e/versions/bcd261a3a91984e8:populateFiles {"uploadRequiredHashes":["5718018efda0786207ddd928eb5cf004bb06cf173d3012d74df629f62e1f0970","afe637b3ac9106065efc41db5c1d86e568286beae3f3c0d5bed745876e480ebb","825202c427d8a688ff7fdd74823caca2332203a05dbc5c67ce6165b26d8920ae"],"uploadUrl":"https://upload-firebasehosting.googleapis.com/upload/sites/freetimer-bcf2e/versions/bcd261a3a91984e8/files"}
[debug] [2023-04-12T19:30:29.667Z] >>> [apiv2][query] POST https://upload-firebasehosting.googleapis.com/upload/sites/freetimer-bcf2e/versions/bcd261a3a91984e8/files/5718018efda0786207ddd928eb5cf004bb06cf173d3012d74df629f62e1f0970 [none]
[debug] [2023-04-12T19:30:29.668Z] >>> [apiv2][body] POST https://upload-firebasehosting.googleapis.com/upload/sites/freetimer-bcf2e/versions/bcd261a3a91984e8/files/5718018efda0786207ddd928eb5cf004bb06cf173d3012d74df629f62e1f0970 [stream]
[debug] [2023-04-12T19:30:29.669Z] >>> [apiv2][query] POST https://upload-firebasehosting.googleapis.com/upload/sites/freetimer-bcf2e/versions/bcd261a3a91984e8/files/afe637b3ac9106065efc41db5c1d86e568286beae3f3c0d5bed745876e480ebb [none]
[debug] [2023-04-12T19:30:29.669Z] >>> [apiv2][body] POST https://upload-firebasehosting.googleapis.com/upload/sites/freetimer-bcf2e/versions/bcd261a3a91984e8/files/afe637b3ac9106065efc41db5c1d86e568286beae3f3c0d5bed745876e480ebb [stream]
[debug] [2023-04-12T19:30:29.670Z] >>> [apiv2][query] POST https://upload-firebasehosting.googleapis.com/upload/sites/freetimer-bcf2e/versions/bcd261a3a91984e8/files/825202c427d8a688ff7fdd74823caca2332203a05dbc5c67ce6165b26d8920ae [none]
[debug] [2023-04-12T19:30:29.670Z] >>> [apiv2][body] POST https://upload-firebasehosting.googleapis.com/upload/sites/freetimer-bcf2e/versions/bcd261a3a91984e8/files/825202c427d8a688ff7fdd74823caca2332203a05dbc5c67ce6165b26d8920ae [stream]
[debug] [2023-04-12T19:30:29.671Z] [hosting][populate queue][FINAL] {"max":433,"min":433,"avg":433,"active":0,"complete":1,"success":1,"errored":0,"retried":0,"total":1,"elapsed":437}
[debug] [2023-04-12T19:30:29.671Z] [hosting] uploads queued: 3
